Command line:
   four_bit_Adder_isim_beh.exe
     -simmode  gui
     -simrunnum  0
     -socket  53397

Thu Sep 24 12:47:26 2020


 Elaboration Time: 0.03125 sec

 Current Memory Usage: 5145.42 Meg

 Total Signals          : 17
 Total Nets             : 26
 Total Signal Drivers   : 7
 Total Blocks           : 2
 Total Primitive Blocks : 2
 Total Processes        : 7
 Total Traceable Variables  : 18
 Total Scalar Nets and Variables : 106
Total Line Count : 15

 Total Simulation Time: 0.046875 sec

 Current Memory Usage: 5460 Meg

Thu Sep 24 12:48:08 2020

