Command line:
   T_flipflop_isim_beh.exe
     -simmode  gui
     -simrunnum  0
     -socket  64605

Mon Nov 09 14:18:17 2020


 Elaboration Time: 0.03125 sec

 Current Memory Usage: 5144.85 Meg

 Total Signals          : 23
 Total Nets             : 20
 Total Signal Drivers   : 8
 Total Blocks           : 3
 Total Primitive Blocks : 2
 Total Processes        : 10
 Total Traceable Variables  : 20
 Total Scalar Nets and Variables : 102
Total Line Count : 24

 Total Simulation Time: 0.046875 sec

 Current Memory Usage: 5144.85 Meg

Mon Nov 09 14:18:24 2020

