Command line:
   sample_isim_beh.exe
     -simmode  gui
     -simrunnum  0
     -socket  63792

Tue Sep 29 09:21:25 2020


 Elaboration Time: 0.046875 sec

 Current Memory Usage: 5145.45 Meg

 Total Signals          : 17
 Total Nets             : 17
 Total Signal Drivers   : 6
 Total Blocks           : 2
 Total Primitive Blocks : 2
 Total Processes        : 7
 Total Traceable Variables  : 18
 Total Scalar Nets and Variables : 97
Total Line Count : 15

 Total Simulation Time: 0.046875 sec

 Current Memory Usage: 5460.02 Meg

Tue Sep 29 09:21:57 2020

