Command line:
   BCD_Adder_isim_beh.exe
     -simmode  gui
     -simrunnum  0
     -socket  64975

Tue Oct 06 09:27:21 2020


 Elaboration Time: 0.015625 sec

 Current Memory Usage: 5144.78 Meg

 Total Signals          : 22
 Total Nets             : 37
 Total Signal Drivers   : 12
 Total Blocks           : 2
 Total Primitive Blocks : 2
 Total Processes        : 11
 Total Traceable Variables  : 18
 Total Scalar Nets and Variables : 117
Total Line Count : 19

 Total Simulation Time: 0.046875 sec

 Current Memory Usage: 5144.78 Meg

Tue Oct 06 09:27:23 2020

