Command line:
   majority_c_isim_beh.exe
     -simmode  gui
     -simrunnum  0
     -socket  58243

Tue Sep 22 10:23:39 2020


 Elaboration Time: 0.03125 sec

 Current Memory Usage: 5145.4 Meg

 Total Signals          : 21
 Total Nets             : 21
 Total Signal Drivers   : 10
 Total Blocks           : 2
 Total Primitive Blocks : 2
 Total Processes        : 11
 Total Traceable Variables  : 18
 Total Scalar Nets and Variables : 101
Total Line Count : 14

 Total Simulation Time: 0.046875 sec

 Current Memory Usage: 5145.4 Meg

Tue Sep 22 10:23:46 2020

